2025-04-24 18:44:41,828 INFO o.a.j.u.JMeterUtils: Setting Locale to es_ES
2025-04-24 18:44:41,849 INFO o.a.j.u.JMeterUtils: Could not find resources for 'es_ES', using 'es'
2025-04-24 18:44:41,850 INFO o.a.j.JMeter: Loading user properties from: /home/carlilloslinero/apache-jmeter-5.6.3/bin/user.properties
2025-04-24 18:44:41,850 INFO o.a.j.JMeter: Loading system properties from: /home/carlilloslinero/apache-jmeter-5.6.3/bin/system.properties
2025-04-24 18:44:41,855 INFO o.a.j.JMeter: Copyright (c) 1998-2024 The Apache Software Foundation
2025-04-24 18:44:41,855 INFO o.a.j.JMeter: Version 5.6.3
2025-04-24 18:44:41,855 INFO o.a.j.JMeter: java.version=17.0.14
2025-04-24 18:44:41,856 INFO o.a.j.JMeter: java.vm.name=OpenJDK 64-Bit Server VM
2025-04-24 18:44:41,856 INFO o.a.j.JMeter: os.name=Linux
2025-04-24 18:44:41,856 INFO o.a.j.JMeter: os.arch=amd64
2025-04-24 18:44:41,856 INFO o.a.j.JMeter: os.version=6.8.0-57-generic
2025-04-24 18:44:41,856 INFO o.a.j.JMeter: file.encoding=UTF-8
2025-04-24 18:44:41,856 INFO o.a.j.JMeter: java.awt.headless=null
2025-04-24 18:44:41,856 INFO o.a.j.JMeter: Max memory     =4013948928
2025-04-24 18:44:41,856 INFO o.a.j.JMeter: Available Processors =16
2025-04-24 18:44:41,863 INFO o.a.j.JMeter: Default Locale=espa単ol (Espa単a)
2025-04-24 18:44:41,863 INFO o.a.j.JMeter: JMeter  Locale=espa単ol (Espa単a)
2025-04-24 18:44:41,863 INFO o.a.j.JMeter: JMeterHome=/home/carlilloslinero/apache-jmeter-5.6.3
2025-04-24 18:44:41,863 INFO o.a.j.JMeter: user.dir  =/home/carlilloslinero/apache-jmeter-5.6.3
2025-04-24 18:44:41,863 INFO o.a.j.JMeter: PWD       =/home/carlilloslinero/apache-jmeter-5.6.3
2025-04-24 18:44:41,863 INFO o.a.j.JMeter: IP: 127.0.1.1 Name: carlilloslinero-HP-Laptop-15s-eq2xxx FullName: carlilloslinero-HP-Laptop-15s-eq2xxx
2025-04-24 18:44:41,877 INFO o.a.j.JMeter: Loaded icon properties from org/apache/jmeter/images/icon.properties
2025-04-24 18:44:42,021 INFO o.a.j.JMeterGuiLauncher: Setting LAF to: com.github.weisj.darklaf.DarkLaf:com.github.weisj.darklaf.theme.DarculaTheme
2025-04-24 18:44:43,043 INFO o.a.j.g.MainFrame: Unable to adjust awtAppClassName to Apache JMeter
2025-04-24 18:44:59,368 INFO o.a.j.s.FileServer: Default base='/home/carlilloslinero/apache-jmeter-5.6.3'
2025-04-24 18:44:59,369 INFO o.a.j.g.a.Load: Loading file: /home/carlilloslinero/Descargas/Ej_3_3.jmx
2025-04-24 18:44:59,369 INFO o.a.j.s.FileServer: Set new base='/home/carlilloslinero/Descargas'
2025-04-24 18:44:59,518 INFO o.a.j.s.SaveService: Testplan (JMX) version: 2.2. Testlog (JTL) version: 2.2
2025-04-24 18:44:59,536 INFO o.a.j.s.SaveService: Using SaveService properties version 5.0
2025-04-24 18:44:59,538 INFO o.a.j.s.SaveService: Using SaveService properties file encoding UTF-8
2025-04-24 18:44:59,538 INFO o.a.j.s.SaveService: Loading file: /home/carlilloslinero/Descargas/Ej_3_3.jmx
2025-04-24 18:44:59,572 INFO o.a.j.p.h.s.HTTPSamplerBase: Parser for text/html is org.apache.jmeter.protocol.http.parser.LagartoBasedHtmlParser
2025-04-24 18:44:59,572 INFO o.a.j.p.h.s.HTTPSamplerBase: Parser for application/xhtml+xml is org.apache.jmeter.protocol.http.parser.LagartoBasedHtmlParser
2025-04-24 18:44:59,572 INFO o.a.j.p.h.s.HTTPSamplerBase: Parser for application/xml is org.apache.jmeter.protocol.http.parser.LagartoBasedHtmlParser
2025-04-24 18:44:59,573 INFO o.a.j.p.h.s.HTTPSamplerBase: Parser for text/xml is org.apache.jmeter.protocol.http.parser.LagartoBasedHtmlParser
2025-04-24 18:44:59,573 INFO o.a.j.p.h.s.HTTPSamplerBase: Parser for text/vnd.wap.wml is org.apache.jmeter.protocol.http.parser.RegexpHTMLParser
2025-04-24 18:44:59,573 INFO o.a.j.p.h.s.HTTPSamplerBase: Parser for text/css is org.apache.jmeter.protocol.http.parser.CssParser
2025-04-24 18:44:59,582 INFO o.a.j.p.h.s.HTTPJavaImpl: Maximum connection retries = 0
2025-04-24 18:44:59,650 INFO o.a.j.s.SampleResult: Note: Sample TimeStamps are START times
2025-04-24 18:44:59,650 INFO o.a.j.s.SampleResult: sampleresult.default.encoding is set to UTF-8
2025-04-24 18:44:59,650 INFO o.a.j.s.SampleResult: sampleresult.useNanoTime=true
2025-04-24 18:44:59,650 INFO o.a.j.s.SampleResult: sampleresult.nanoThreadSleep=5000
2025-04-24 18:45:00,069 INFO o.a.j.s.FileServer: Set new base='/home/carlilloslinero/Descargas'
